Python version is above 3.10, patching the collections module.
/home/tiger/.local/lib/python3.11/site-packages/timm/models/layers/__init__.py:49: FutureWarning: Importing from timm.models.layers is deprecated, please import via timm.layers
  warnings.warn(f"Importing from {__name__} is deprecated, please import via timm.layers", FutureWarning)
/mlx_devbox/users/xiezifan/playground/CompGen-GRPO/archive/third_party_extras/GroundingDINO/groundingdino/models/GroundingDINO/ms_deform_attn.py:31: UserWarning: Failed to load custom C++ ops. Running on CPU mode Only!
  warnings.warn("Failed to load custom C++ ops. Running on CPU mode Only!")
Warning: The cache directory for DeepSpeed Triton autotune, /home/tiger/.triton/autotune, appears to be on an NFS system. While this is generally acceptable, if you experience slowdowns or hanging when DeepSpeed exits, it is recommended to set the TRITON_CACHE_DIR environment variable to a non-NFS path.
g340-cd51-4b00-10be-2e04-3033-7a5e:5119:5119 [0] NCCL INFO NCCL_SOCKET_FAMILY set by environment to AF_INET6
g340-cd51-4b00-10be-2e04-3033-7a5e:5119:5119 [0] NCCL INFO NCCL_SOCKET_IFNAME set by environment to =eth0
g340-cd51-4b00-10be-2e04-3033-7a5e:5119:5119 [0] NCCL INFO cudaDriverVersion 12060
g340-cd51-4b00-10be-2e04-3033-7a5e:5119:5119 [0] NCCL INFO NCCL version 2.26.2+cuda12.6
g340-cd51-4b00-10be-2e04-3033-7a5e:5119:5119 [0] NCCL INFO Comm config Blocking set to 1
g340-cd51-4b00-10be-2e04-3033-7a5e:5119:5479 [0] NCCL INFO NET/Plugin: Failed to find ncclNetPlugin_v10 symbol.
g340-cd51-4b00-10be-2e04-3033-7a5e:5119:5479 [0] NCCL INFO NET/Plugin: Failed to find ncclNetPlugin_v9 symbol.
g340-cd51-4b00-10be-2e04-3033-7a5e:5119:5479 [0] NCCL INFO NET/Plugin: Failed to find ncclNetPlugin_v8 symbol.
g340-cd51-4b00-10be-2e04-3033-7a5e:5119:5479 [0] NCCL INFO NET/Plugin: Loaded net plugin NCCL RDMA Plugin v7 (v7)
g340-cd51-4b00-10be-2e04-3033-7a5e:5119:5479 [0] NCCL INFO NET/Plugin: Failed to find ncclCollNetPlugin_v10 symbol.
g340-cd51-4b00-10be-2e04-3033-7a5e:5119:5479 [0] NCCL INFO NET/Plugin: Failed to find ncclCollNetPlugin_v9 symbol.
g340-cd51-4b00-10be-2e04-3033-7a5e:5119:5479 [0] NCCL INFO NET/Plugin: Failed to find ncclCollNetPlugin_v8 symbol.
g340-cd51-4b00-10be-2e04-3033-7a5e:5119:5479 [0] NCCL INFO NET/Plugin: Loaded collnet plugin SHARP (v7)
g340-cd51-4b00-10be-2e04-3033-7a5e:5119:5479 [0] NCCL INFO Plugin Path : /usr/local/lib/libnccl-net.so
g340-cd51-4b00-10be-2e04-3033-7a5e:5119:5479 [0] NCCL INFO P2P plugin IBext_v7
g340-cd51-4b00-10be-2e04-3033-7a5e:5119:5479 [0] NCCL INFO NCCL_SOCKET_FAMILY set by environment to AF_INET6
g340-cd51-4b00-10be-2e04-3033-7a5e:5119:5479 [0] NCCL INFO NCCL_SOCKET_IFNAME set by environment to =eth0
g340-cd51-4b00-10be-2e04-3033-7a5e:5119:5479 [0] NCCL INFO NET/IB : Using [0]mlx5_1:1/RoCE [1]mlx5_2:1/RoCE [2]mlx5_3:1/RoCE [3]mlx5_4:1/RoCE [4]mlx5_5:1/RoCE [5]mlx5_6:1/RoCE [6]mlx5_7:1/RoCE [7]mlx5_8:1/RoCE [RO]; OOB eth0:2605:340:cd51:4b00:10be:2e04:3033:7a5e<0>
g340-cd51-4b00-10be-2e04-3033-7a5e:5119:5479 [0] NCCL INFO PROFILER/Plugin: Could not find: libnccl-profiler.so. 
g340-cd51-4b00-10be-2e04-3033-7a5e:5119:5479 [0] NCCL INFO Using network NCCL RDMA Plugin v7
g340-cd51-4b00-10be-2e04-3033-7a5e:5119:5479 [0] NCCL INFO ncclCommInitRankConfig comm 0x10179980 rank 0 nranks 1 cudaDev 0 nvmlDev 0 busId 58000 commId 0x65638099dd0c4874 - Init START
g340-cd51-4b00-10be-2e04-3033-7a5e:5119:5479 [0] NCCL INFO RAS client listening socket at 127.0.0.1<28028>
g340-cd51-4b00-10be-2e04-3033-7a5e:5119:5479 [0] NCCL INFO Loading topology file /var/run/nvidia-topologyd/virtualTopology.xml
g340-cd51-4b00-10be-2e04-3033-7a5e:5119:5479 [0] NCCL INFO Loading unnamed topology
g340-cd51-4b00-10be-2e04-3033-7a5e:5119:5479 [0] NCCL INFO TOPO/NET : Importing network plugins to topology
g340-cd51-4b00-10be-2e04-3033-7a5e:5119:5479 [0] NCCL INFO Retrieving state for NCCL RDMA Plugin v7
g340-cd51-4b00-10be-2e04-3033-7a5e:5119:5479 [0] NCCL INFO Initialized state 0 for NCCL RDMA Plugin v7
g340-cd51-4b00-10be-2e04-3033-7a5e:5119:5479 [0] NCCL INFO ncclTopoPopulateNics : Filled mlx5_1 in topo with pciPath=/sys/devices/pci0000:0b/0000:0b:01.0/0000:0c:00.0/0000:0d:01.0/0000:0f:00.0 keep=1 coll=(null)
g340-cd51-4b00-10be-2e04-3033-7a5e:5119:5479 [0] NCCL INFO ncclTopoPopulateNics : Filled mlx5_2 in topo with pciPath=/sys/devices/pci0000:3a/0000:3a:01.0/0000:3b:00.0/0000:3c:00.0/0000:3d:00.0 keep=1 coll=(null)
g340-cd51-4b00-10be-2e04-3033-7a5e:5119:5479 [0] NCCL INFO ncclTopoPopulateNics : Filled mlx5_3 in topo with pciPath=/sys/devices/pci0000:4a/0000:4a:01.0/0000:4b:00.0/0000:4c:01.0/0000:4e:00.0 keep=1 coll=(null)
g340-cd51-4b00-10be-2e04-3033-7a5e:5119:5479 [0] NCCL INFO ncclTopoPopulateNics : Filled mlx5_4 in topo with pciPath=/sys/devices/pci0000:54/0000:54:01.0/0000:55:00.0/0000:56:00.0/0000:57:00.0 keep=1 coll=(null)
g340-cd51-4b00-10be-2e04-3033-7a5e:5119:5479 [0] NCCL INFO ncclTopoPopulateNics : Filled mlx5_5 in topo with pciPath=/sys/devices/pci0000:8e/0000:8e:01.0/0000:8f:00.0/0000:90:01.0/0000:92:00.0 keep=1 coll=(null)
g340-cd51-4b00-10be-2e04-3033-7a5e:5119:5479 [0] NCCL INFO ncclTopoPopulateNics : Filled mlx5_6 in topo with pciPath=/sys/devices/pci0000:bd/0000:bd:01.0/0000:be:00.0/0000:bf:00.0/0000:c0:00.0 keep=1 coll=(null)
g340-cd51-4b00-10be-2e04-3033-7a5e:5119:5479 [0] NCCL INFO ncclTopoPopulateNics : Filled mlx5_7 in topo with pciPath=/sys/devices/pci0000:c7/0000:c7:01.0/0000:c8:00.0/0000:c9:01.0/0000:cb:00.0 keep=1 coll=(null)
g340-cd51-4b00-10be-2e04-3033-7a5e:5119:5479 [0] NCCL INFO ncclTopoPopulateNics : Filled mlx5_8 in topo with pciPath=/sys/devices/pci0000:d1/0000:d1:01.0/0000:d2:00.0/0000:d3:00.0/0000:d4:00.0 keep=1 coll=(null)
g340-cd51-4b00-10be-2e04-3033-7a5e:5119:5479 [0] NCCL INFO === System : maxBw 5000.0 totalBw 5000.0 ===
g340-cd51-4b00-10be-2e04-3033-7a5e:5119:5479 [0] NCCL INFO CPU/0-0 (1/1/3)
g340-cd51-4b00-10be-2e04-3033-7a5e:5119:5479 [0] NCCL INFO + PCI[48.0] - PCI/0-b010 (8086352a80860000)
g340-cd51-4b00-10be-2e04-3033-7a5e:5119:5479 [0] NCCL INFO               + PCI[48.0] - PCI/0-c000 (1000c0301000100b)
g340-cd51-4b00-10be-2e04-3033-7a5e:5119:5479 [0] NCCL INFO                             + PCI[48.0] - PCI/0-d010 (1000c0301000100b)
g340-cd51-4b00-10be-2e04-3033-7a5e:5119:5479 [0] NCCL INFO                                           + PCI[48.0] - NIC/0-f000
g340-cd51-4b00-10be-2e04-3033-7a5e:5119:5479 [0] NCCL INFO + PCI[48.0] - PCI/0-3a010 (8086352a80860000)
g340-cd51-4b00-10be-2e04-3033-7a5e:5119:5479 [0] NCCL INFO               + PCI[48.0] - PCI/0-3b000 (1000c0301000100b)
g340-cd51-4b00-10be-2e04-3033-7a5e:5119:5479 [0] NCCL INFO                             + PCI[48.0] - PCI/0-3c000 (1000c0301000100b)
g340-cd51-4b00-10be-2e04-3033-7a5e:5119:5479 [0] NCCL INFO                                           + PCI[48.0] - NIC/0-3d000
g340-cd51-4b00-10be-2e04-3033-7a5e:5119:5479 [0] NCCL INFO + PCI[48.0] - PCI/0-4a010 (8086352a80860000)
g340-cd51-4b00-10be-2e04-3033-7a5e:5119:5479 [0] NCCL INFO               + PCI[48.0] - PCI/0-4b000 (1000c0301000100b)
g340-cd51-4b00-10be-2e04-3033-7a5e:5119:5479 [0] NCCL INFO                             + PCI[48.0] - PCI/0-4c010 (1000c0301000100b)
g340-cd51-4b00-10be-2e04-3033-7a5e:5119:5479 [0] NCCL INFO                                           + PCI[48.0] - NIC/0-4e000
g340-cd51-4b00-10be-2e04-3033-7a5e:5119:5479 [0] NCCL INFO + PCI[48.0] - PCI/0-54010 (8086352a80860000)
g340-cd51-4b00-10be-2e04-3033-7a5e:5119:5479 [0] NCCL INFO               + PCI[48.0] - PCI/0-55000 (1000c0301000100b)
g340-cd51-4b00-10be-2e04-3033-7a5e:5119:5479 [0] NCCL INFO                             + PCI[48.0] - PCI/0-56000 (1000c0301000100b)
g340-cd51-4b00-10be-2e04-3033-7a5e:5119:5479 [0] NCCL INFO                                           + PCI[48.0] - NIC/0-57000
g340-cd51-4b00-10be-2e04-3033-7a5e:5119:5479 [0] NCCL INFO                             + PCI[48.0] - PCI/0-56010 (1000c0301000100b)
g340-cd51-4b00-10be-2e04-3033-7a5e:5119:5479 [0] NCCL INFO                                           + PCI[48.0] - GPU/0-58000 (0)
g340-cd51-4b00-10be-2e04-3033-7a5e:5119:5479 [0] NCCL INFO                                                         + NVL[370.8] - NVS/0-0
g340-cd51-4b00-10be-2e04-3033-7a5e:5119:5479 [0] NCCL INFO + SYS[22.0] - CPU/0-1
g340-cd51-4b00-10be-2e04-3033-7a5e:5119:5479 [0] NCCL INFO CPU/0-1 (1/1/3)
g340-cd51-4b00-10be-2e04-3033-7a5e:5119:5479 [0] NCCL INFO + PCI[48.0] - PCI/0-8e010 (8086352a80860000)
g340-cd51-4b00-10be-2e04-3033-7a5e:5119:5479 [0] NCCL INFO               + PCI[48.0] - PCI/0-8f000 (1000c0301000100b)
g340-cd51-4b00-10be-2e04-3033-7a5e:5119:5479 [0] NCCL INFO                             + PCI[48.0] - PCI/0-90010 (1000c0301000100b)
g340-cd51-4b00-10be-2e04-3033-7a5e:5119:5479 [0] NCCL INFO                                           + PCI[48.0] - NIC/0-92000
g340-cd51-4b00-10be-2e04-3033-7a5e:5119:5479 [0] NCCL INFO + PCI[48.0] - PCI/0-bd010 (8086352a80860000)
g340-cd51-4b00-10be-2e04-3033-7a5e:5119:5479 [0] NCCL INFO               + PCI[48.0] - PCI/0-be000 (1000c0301000100b)
g340-cd51-4b00-10be-2e04-3033-7a5e:5119:5479 [0] NCCL INFO                             + PCI[48.0] - PCI/0-bf000 (1000c0301000100b)
g340-cd51-4b00-10be-2e04-3033-7a5e:5119:5479 [0] NCCL INFO                                           + PCI[48.0] - NIC/0-c0000
g340-cd51-4b00-10be-2e04-3033-7a5e:5119:5479 [0] NCCL INFO + PCI[48.0] - PCI/0-c7010 (8086352a80860000)
g340-cd51-4b00-10be-2e04-3033-7a5e:5119:5479 [0] NCCL INFO               + PCI[48.0] - PCI/0-c8000 (1000c0301000100b)
g340-cd51-4b00-10be-2e04-3033-7a5e:5119:5479 [0] NCCL INFO                             + PCI[48.0] - PCI/0-c9010 (1000c0301000100b)
g340-cd51-4b00-10be-2e04-3033-7a5e:5119:5479 [0] NCCL INFO                                           + PCI[48.0] - NIC/0-cb000
g340-cd51-4b00-10be-2e04-3033-7a5e:5119:5479 [0] NCCL INFO + PCI[48.0] - PCI/0-d1010 (8086352a80860000)
g340-cd51-4b00-10be-2e04-3033-7a5e:5119:5479 [0] NCCL INFO               + PCI[48.0] - PCI/0-d2000 (1000c0301000100b)
g340-cd51-4b00-10be-2e04-3033-7a5e:5119:5479 [0] NCCL INFO                             + PCI[48.0] - PCI/0-d3000 (1000c0301000100b)
g340-cd51-4b00-10be-2e04-3033-7a5e:5119:5479 [0] NCCL INFO                                           + PCI[48.0] - NIC/0-d4000
g340-cd51-4b00-10be-2e04-3033-7a5e:5119:5479 [0] NCCL INFO + SYS[22.0] - CPU/0-0
g340-cd51-4b00-10be-2e04-3033-7a5e:5119:5479 [0] NCCL INFO ==========================================
g340-cd51-4b00-10be-2e04-3033-7a5e:5119:5479 [0] NCCL INFO GPU/0-58000 :GPU/0-58000 (0/5000.0/LOC) NVS/0-0 (1/370.8/NVL) CPU/0-0 (4/48.0/PHB) CPU/0-1 (5/22.0/SYS) 
g340-cd51-4b00-10be-2e04-3033-7a5e:5119:5479 [0] NCCL INFO Setting affinity for GPU 0 to 7fff,ffffffff,00000000,00007fff,ffffffff
g340-cd51-4b00-10be-2e04-3033-7a5e:5119:5479 [0] NCCL INFO NCCL_NVLS_ENABLE set by environment to 0.
g340-cd51-4b00-10be-2e04-3033-7a5e:5119:5479 [0] NCCL INFO Pattern 4, crossNic 0, nChannels 32, bw 60.000000/60.000000, type LOC/PIX, sameChannels 1
g340-cd51-4b00-10be-2e04-3033-7a5e:5119:5479 [0] NCCL INFO  0 : GPU/0
g340-cd51-4b00-10be-2e04-3033-7a5e:5119:5479 [0] NCCL INFO  1 : GPU/0
g340-cd51-4b00-10be-2e04-3033-7a5e:5119:5479 [0] NCCL INFO  2 : GPU/0
g340-cd51-4b00-10be-2e04-3033-7a5e:5119:5479 [0] NCCL INFO  3 : GPU/0
g340-cd51-4b00-10be-2e04-3033-7a5e:5119:5479 [0] NCCL INFO  4 : GPU/0
g340-cd51-4b00-10be-2e04-3033-7a5e:5119:5479 [0] NCCL INFO  5 : GPU/0
g340-cd51-4b00-10be-2e04-3033-7a5e:5119:5479 [0] NCCL INFO  6 : GPU/0
g340-cd51-4b00-10be-2e04-3033-7a5e:5119:5479 [0] NCCL INFO  7 : GPU/0
g340-cd51-4b00-10be-2e04-3033-7a5e:5119:5479 [0] NCCL INFO  8 : GPU/0
g340-cd51-4b00-10be-2e04-3033-7a5e:5119:5479 [0] NCCL INFO  9 : GPU/0
g340-cd51-4b00-10be-2e04-3033-7a5e:5119:5479 [0] NCCL INFO 10 : GPU/0
g340-cd51-4b00-10be-2e04-3033-7a5e:5119:5479 [0] NCCL INFO 11 : GPU/0
g340-cd51-4b00-10be-2e04-3033-7a5e:5119:5479 [0] NCCL INFO 12 : GPU/0
g340-cd51-4b00-10be-2e04-3033-7a5e:5119:5479 [0] NCCL INFO 13 : GPU/0
g340-cd51-4b00-10be-2e04-3033-7a5e:5119:5479 [0] NCCL INFO 14 : GPU/0
g340-cd51-4b00-10be-2e04-3033-7a5e:5119:5479 [0] NCCL INFO 15 : GPU/0
g340-cd51-4b00-10be-2e04-3033-7a5e:5119:5479 [0] NCCL INFO 16 : GPU/0
g340-cd51-4b00-10be-2e04-3033-7a5e:5119:5479 [0] NCCL INFO 17 : GPU/0
g340-cd51-4b00-10be-2e04-3033-7a5e:5119:5479 [0] NCCL INFO 18 : GPU/0
g340-cd51-4b00-10be-2e04-3033-7a5e:5119:5479 [0] NCCL INFO 19 : GPU/0
g340-cd51-4b00-10be-2e04-3033-7a5e:5119:5479 [0] NCCL INFO 20 : GPU/0
g340-cd51-4b00-10be-2e04-3033-7a5e:5119:5479 [0] NCCL INFO 21 : GPU/0
g340-cd51-4b00-10be-2e04-3033-7a5e:5119:5479 [0] NCCL INFO 22 : GPU/0
g340-cd51-4b00-10be-2e04-3033-7a5e:5119:5479 [0] NCCL INFO 23 : GPU/0
g340-cd51-4b00-10be-2e04-3033-7a5e:5119:5479 [0] NCCL INFO 24 : GPU/0
g340-cd51-4b00-10be-2e04-3033-7a5e:5119:5479 [0] NCCL INFO 25 : GPU/0
g340-cd51-4b00-10be-2e04-3033-7a5e:5119:5479 [0] NCCL INFO 26 : GPU/0
g340-cd51-4b00-10be-2e04-3033-7a5e:5119:5479 [0] NCCL INFO 27 : GPU/0
g340-cd51-4b00-10be-2e04-3033-7a5e:5119:5479 [0] NCCL INFO 28 : GPU/0
g340-cd51-4b00-10be-2e04-3033-7a5e:5119:5479 [0] NCCL INFO 29 : GPU/0
g340-cd51-4b00-10be-2e04-3033-7a5e:5119:5479 [0] NCCL INFO 30 : GPU/0
g340-cd51-4b00-10be-2e04-3033-7a5e:5119:5479 [0] NCCL INFO 31 : GPU/0
g340-cd51-4b00-10be-2e04-3033-7a5e:5119:5479 [0] NCCL INFO Pattern 3, crossNic 0, nChannels 32, bw 60.000000/60.000000, type LOC/PIX, sameChannels 1
g340-cd51-4b00-10be-2e04-3033-7a5e:5119:5479 [0] NCCL INFO  0 : GPU/0
g340-cd51-4b00-10be-2e04-3033-7a5e:5119:5479 [0] NCCL INFO  1 : GPU/0
g340-cd51-4b00-10be-2e04-3033-7a5e:5119:5479 [0] NCCL INFO  2 : GPU/0
g340-cd51-4b00-10be-2e04-3033-7a5e:5119:5479 [0] NCCL INFO  3 : GPU/0
g340-cd51-4b00-10be-2e04-3033-7a5e:5119:5479 [0] NCCL INFO  4 : GPU/0
g340-cd51-4b00-10be-2e04-3033-7a5e:5119:5479 [0] NCCL INFO  5 : GPU/0
g340-cd51-4b00-10be-2e04-3033-7a5e:5119:5479 [0] NCCL INFO  6 : GPU/0
g340-cd51-4b00-10be-2e04-3033-7a5e:5119:5479 [0] NCCL INFO  7 : GPU/0
g340-cd51-4b00-10be-2e04-3033-7a5e:5119:5479 [0] NCCL INFO  8 : GPU/0
g340-cd51-4b00-10be-2e04-3033-7a5e:5119:5479 [0] NCCL INFO  9 : GPU/0
g340-cd51-4b00-10be-2e04-3033-7a5e:5119:5479 [0] NCCL INFO 10 : GPU/0
g340-cd51-4b00-10be-2e04-3033-7a5e:5119:5479 [0] NCCL INFO 11 : GPU/0
g340-cd51-4b00-10be-2e04-3033-7a5e:5119:5479 [0] NCCL INFO 12 : GPU/0
g340-cd51-4b00-10be-2e04-3033-7a5e:5119:5479 [0] NCCL INFO 13 : GPU/0
g340-cd51-4b00-10be-2e04-3033-7a5e:5119:5479 [0] NCCL INFO 14 : GPU/0
g340-cd51-4b00-10be-2e04-3033-7a5e:5119:5479 [0] NCCL INFO 15 : GPU/0
g340-cd51-4b00-10be-2e04-3033-7a5e:5119:5479 [0] NCCL INFO 16 : GPU/0
g340-cd51-4b00-10be-2e04-3033-7a5e:5119:5479 [0] NCCL INFO 17 : GPU/0
g340-cd51-4b00-10be-2e04-3033-7a5e:5119:5479 [0] NCCL INFO 18 : GPU/0
g340-cd51-4b00-10be-2e04-3033-7a5e:5119:5479 [0] NCCL INFO 19 : GPU/0
g340-cd51-4b00-10be-2e04-3033-7a5e:5119:5479 [0] NCCL INFO 20 : GPU/0
g340-cd51-4b00-10be-2e04-3033-7a5e:5119:5479 [0] NCCL INFO 21 : GPU/0
g340-cd51-4b00-10be-2e04-3033-7a5e:5119:5479 [0] NCCL INFO 22 : GPU/0
g340-cd51-4b00-10be-2e04-3033-7a5e:5119:5479 [0] NCCL INFO 23 : GPU/0
g340-cd51-4b00-10be-2e04-3033-7a5e:5119:5479 [0] NCCL INFO 24 : GPU/0
g340-cd51-4b00-10be-2e04-3033-7a5e:5119:5479 [0] NCCL INFO 25 : GPU/0
g340-cd51-4b00-10be-2e04-3033-7a5e:5119:5479 [0] NCCL INFO 26 : GPU/0
g340-cd51-4b00-10be-2e04-3033-7a5e:5119:5479 [0] NCCL INFO 27 : GPU/0
g340-cd51-4b00-10be-2e04-3033-7a5e:5119:5479 [0] NCCL INFO 28 : GPU/0
g340-cd51-4b00-10be-2e04-3033-7a5e:5119:5479 [0] NCCL INFO 29 : GPU/0
g340-cd51-4b00-10be-2e04-3033-7a5e:5119:5479 [0] NCCL INFO 30 : GPU/0
g340-cd51-4b00-10be-2e04-3033-7a5e:5119:5479 [0] NCCL INFO 31 : GPU/0
g340-cd51-4b00-10be-2e04-3033-7a5e:5119:5479 [0] NCCL INFO comm 0x10179980 rank 0 nRanks 1 nNodes 1 localRanks 1 localRank 0 MNNVL 0
g340-cd51-4b00-10be-2e04-3033-7a5e:5119:5479 [0] NCCL INFO Tree 0 : -1 -> 0 -> -1/-1/-1
g340-cd51-4b00-10be-2e04-3033-7a5e:5119:5479 [0] NCCL INFO Tree 32 : -1 -> 0 -> -1/-1/-1
g340-cd51-4b00-10be-2e04-3033-7a5e:5119:5479 [0] NCCL INFO Tree 1 : -1 -> 0 -> -1/-1/-1
g340-cd51-4b00-10be-2e04-3033-7a5e:5119:5479 [0] NCCL INFO Tree 33 : -1 -> 0 -> -1/-1/-1
g340-cd51-4b00-10be-2e04-3033-7a5e:5119:5479 [0] NCCL INFO Tree 2 : -1 -> 0 -> -1/-1/-1
g340-cd51-4b00-10be-2e04-3033-7a5e:5119:5479 [0] NCCL INFO Tree 34 : -1 -> 0 -> -1/-1/-1
g340-cd51-4b00-10be-2e04-3033-7a5e:5119:5479 [0] NCCL INFO Tree 3 : -1 -> 0 -> -1/-1/-1
g340-cd51-4b00-10be-2e04-3033-7a5e:5119:5479 [0] NCCL INFO Tree 35 : -1 -> 0 -> -1/-1/-1
g340-cd51-4b00-10be-2e04-3033-7a5e:5119:5479 [0] NCCL INFO Tree 4 : -1 -> 0 -> -1/-1/-1
g340-cd51-4b00-10be-2e04-3033-7a5e:5119:5479 [0] NCCL INFO Tree 36 : -1 -> 0 -> -1/-1/-1
g340-cd51-4b00-10be-2e04-3033-7a5e:5119:5479 [0] NCCL INFO Tree 5 : -1 -> 0 -> -1/-1/-1
g340-cd51-4b00-10be-2e04-3033-7a5e:5119:5479 [0] NCCL INFO Tree 37 : -1 -> 0 -> -1/-1/-1
g340-cd51-4b00-10be-2e04-3033-7a5e:5119:5479 [0] NCCL INFO Tree 6 : -1 -> 0 -> -1/-1/-1
g340-cd51-4b00-10be-2e04-3033-7a5e:5119:5479 [0] NCCL INFO Tree 38 : -1 -> 0 -> -1/-1/-1
g340-cd51-4b00-10be-2e04-3033-7a5e:5119:5479 [0] NCCL INFO Tree 7 : -1 -> 0 -> -1/-1/-1
g340-cd51-4b00-10be-2e04-3033-7a5e:5119:5479 [0] NCCL INFO Tree 39 : -1 -> 0 -> -1/-1/-1
g340-cd51-4b00-10be-2e04-3033-7a5e:5119:5479 [0] NCCL INFO Tree 8 : -1 -> 0 -> -1/-1/-1
g340-cd51-4b00-10be-2e04-3033-7a5e:5119:5479 [0] NCCL INFO Tree 40 : -1 -> 0 -> -1/-1/-1
g340-cd51-4b00-10be-2e04-3033-7a5e:5119:5479 [0] NCCL INFO Tree 9 : -1 -> 0 -> -1/-1/-1
g340-cd51-4b00-10be-2e04-3033-7a5e:5119:5479 [0] NCCL INFO Tree 41 : -1 -> 0 -> -1/-1/-1
g340-cd51-4b00-10be-2e04-3033-7a5e:5119:5479 [0] NCCL INFO Tree 10 : -1 -> 0 -> -1/-1/-1
g340-cd51-4b00-10be-2e04-3033-7a5e:5119:5479 [0] NCCL INFO Tree 42 : -1 -> 0 -> -1/-1/-1
g340-cd51-4b00-10be-2e04-3033-7a5e:5119:5479 [0] NCCL INFO Tree 11 : -1 -> 0 -> -1/-1/-1
g340-cd51-4b00-10be-2e04-3033-7a5e:5119:5479 [0] NCCL INFO Tree 43 : -1 -> 0 -> -1/-1/-1
g340-cd51-4b00-10be-2e04-3033-7a5e:5119:5479 [0] NCCL INFO Tree 12 : -1 -> 0 -> -1/-1/-1
g340-cd51-4b00-10be-2e04-3033-7a5e:5119:5479 [0] NCCL INFO Tree 44 : -1 -> 0 -> -1/-1/-1
g340-cd51-4b00-10be-2e04-3033-7a5e:5119:5479 [0] NCCL INFO Tree 13 : -1 -> 0 -> -1/-1/-1
g340-cd51-4b00-10be-2e04-3033-7a5e:5119:5479 [0] NCCL INFO Tree 45 : -1 -> 0 -> -1/-1/-1
g340-cd51-4b00-10be-2e04-3033-7a5e:5119:5479 [0] NCCL INFO Tree 14 : -1 -> 0 -> -1/-1/-1
g340-cd51-4b00-10be-2e04-3033-7a5e:5119:5479 [0] NCCL INFO Tree 46 : -1 -> 0 -> -1/-1/-1
g340-cd51-4b00-10be-2e04-3033-7a5e:5119:5479 [0] NCCL INFO Tree 15 : -1 -> 0 -> -1/-1/-1
g340-cd51-4b00-10be-2e04-3033-7a5e:5119:5479 [0] NCCL INFO Tree 47 : -1 -> 0 -> -1/-1/-1
g340-cd51-4b00-10be-2e04-3033-7a5e:5119:5479 [0] NCCL INFO Tree 16 : -1 -> 0 -> -1/-1/-1
g340-cd51-4b00-10be-2e04-3033-7a5e:5119:5479 [0] NCCL INFO Tree 48 : -1 -> 0 -> -1/-1/-1
g340-cd51-4b00-10be-2e04-3033-7a5e:5119:5479 [0] NCCL INFO Tree 17 : -1 -> 0 -> -1/-1/-1
g340-cd51-4b00-10be-2e04-3033-7a5e:5119:5479 [0] NCCL INFO Tree 49 : -1 -> 0 -> -1/-1/-1
g340-cd51-4b00-10be-2e04-3033-7a5e:5119:5479 [0] NCCL INFO Tree 18 : -1 -> 0 -> -1/-1/-1
g340-cd51-4b00-10be-2e04-3033-7a5e:5119:5479 [0] NCCL INFO Tree 50 : -1 -> 0 -> -1/-1/-1
g340-cd51-4b00-10be-2e04-3033-7a5e:5119:5479 [0] NCCL INFO Tree 19 : -1 -> 0 -> -1/-1/-1
g340-cd51-4b00-10be-2e04-3033-7a5e:5119:5479 [0] NCCL INFO Tree 51 : -1 -> 0 -> -1/-1/-1
g340-cd51-4b00-10be-2e04-3033-7a5e:5119:5479 [0] NCCL INFO Tree 20 : -1 -> 0 -> -1/-1/-1
g340-cd51-4b00-10be-2e04-3033-7a5e:5119:5479 [0] NCCL INFO Tree 52 : -1 -> 0 -> -1/-1/-1
g340-cd51-4b00-10be-2e04-3033-7a5e:5119:5479 [0] NCCL INFO Tree 21 : -1 -> 0 -> -1/-1/-1
g340-cd51-4b00-10be-2e04-3033-7a5e:5119:5479 [0] NCCL INFO Tree 53 : -1 -> 0 -> -1/-1/-1
g340-cd51-4b00-10be-2e04-3033-7a5e:5119:5479 [0] NCCL INFO Tree 22 : -1 -> 0 -> -1/-1/-1
g340-cd51-4b00-10be-2e04-3033-7a5e:5119:5479 [0] NCCL INFO Tree 54 : -1 -> 0 -> -1/-1/-1
g340-cd51-4b00-10be-2e04-3033-7a5e:5119:5479 [0] NCCL INFO Tree 23 : -1 -> 0 -> -1/-1/-1
g340-cd51-4b00-10be-2e04-3033-7a5e:5119:5479 [0] NCCL INFO Tree 55 : -1 -> 0 -> -1/-1/-1
g340-cd51-4b00-10be-2e04-3033-7a5e:5119:5479 [0] NCCL INFO Tree 24 : -1 -> 0 -> -1/-1/-1
g340-cd51-4b00-10be-2e04-3033-7a5e:5119:5479 [0] NCCL INFO Tree 56 : -1 -> 0 -> -1/-1/-1
g340-cd51-4b00-10be-2e04-3033-7a5e:5119:5479 [0] NCCL INFO Tree 25 : -1 -> 0 -> -1/-1/-1
g340-cd51-4b00-10be-2e04-3033-7a5e:5119:5479 [0] NCCL INFO Tree 57 : -1 -> 0 -> -1/-1/-1
g340-cd51-4b00-10be-2e04-3033-7a5e:5119:5479 [0] NCCL INFO Tree 26 : -1 -> 0 -> -1/-1/-1
g340-cd51-4b00-10be-2e04-3033-7a5e:5119:5479 [0] NCCL INFO Tree 58 : -1 -> 0 -> -1/-1/-1
g340-cd51-4b00-10be-2e04-3033-7a5e:5119:5479 [0] NCCL INFO Tree 27 : -1 -> 0 -> -1/-1/-1
g340-cd51-4b00-10be-2e04-3033-7a5e:5119:5479 [0] NCCL INFO Tree 59 : -1 -> 0 -> -1/-1/-1
g340-cd51-4b00-10be-2e04-3033-7a5e:5119:5479 [0] NCCL INFO Tree 28 : -1 -> 0 -> -1/-1/-1
g340-cd51-4b00-10be-2e04-3033-7a5e:5119:5479 [0] NCCL INFO Tree 60 : -1 -> 0 -> -1/-1/-1
g340-cd51-4b00-10be-2e04-3033-7a5e:5119:5479 [0] NCCL INFO Tree 29 : -1 -> 0 -> -1/-1/-1
g340-cd51-4b00-10be-2e04-3033-7a5e:5119:5479 [0] NCCL INFO Tree 61 : -1 -> 0 -> -1/-1/-1
g340-cd51-4b00-10be-2e04-3033-7a5e:5119:5479 [0] NCCL INFO Tree 30 : -1 -> 0 -> -1/-1/-1
g340-cd51-4b00-10be-2e04-3033-7a5e:5119:5479 [0] NCCL INFO Tree 62 : -1 -> 0 -> -1/-1/-1
g340-cd51-4b00-10be-2e04-3033-7a5e:5119:5479 [0] NCCL INFO Tree 31 : -1 -> 0 -> -1/-1/-1
g340-cd51-4b00-10be-2e04-3033-7a5e:5119:5479 [0] NCCL INFO Tree 63 : -1 -> 0 -> -1/-1/-1
g340-cd51-4b00-10be-2e04-3033-7a5e:5119:5479 [0] NCCL INFO Channel 00/64 : 0
g340-cd51-4b00-10be-2e04-3033-7a5e:5119:5479 [0] NCCL INFO Channel 01/64 : 0
g340-cd51-4b00-10be-2e04-3033-7a5e:5119:5479 [0] NCCL INFO Channel 02/64 : 0
g340-cd51-4b00-10be-2e04-3033-7a5e:5119:5479 [0] NCCL INFO Channel 03/64 : 0
g340-cd51-4b00-10be-2e04-3033-7a5e:5119:5479 [0] NCCL INFO Channel 04/64 : 0
g340-cd51-4b00-10be-2e04-3033-7a5e:5119:5479 [0] NCCL INFO Channel 05/64 : 0
g340-cd51-4b00-10be-2e04-3033-7a5e:5119:5479 [0] NCCL INFO Channel 06/64 : 0
g340-cd51-4b00-10be-2e04-3033-7a5e:5119:5479 [0] NCCL INFO Channel 07/64 : 0
g340-cd51-4b00-10be-2e04-3033-7a5e:5119:5479 [0] NCCL INFO Channel 08/64 : 0
g340-cd51-4b00-10be-2e04-3033-7a5e:5119:5479 [0] NCCL INFO Channel 09/64 : 0
g340-cd51-4b00-10be-2e04-3033-7a5e:5119:5479 [0] NCCL INFO Channel 10/64 : 0
g340-cd51-4b00-10be-2e04-3033-7a5e:5119:5479 [0] NCCL INFO Channel 11/64 : 0
g340-cd51-4b00-10be-2e04-3033-7a5e:5119:5479 [0] NCCL INFO Channel 12/64 : 0
g340-cd51-4b00-10be-2e04-3033-7a5e:5119:5479 [0] NCCL INFO Channel 13/64 : 0
g340-cd51-4b00-10be-2e04-3033-7a5e:5119:5479 [0] NCCL INFO Channel 14/64 : 0
g340-cd51-4b00-10be-2e04-3033-7a5e:5119:5479 [0] NCCL INFO Channel 15/64 : 0
g340-cd51-4b00-10be-2e04-3033-7a5e:5119:5479 [0] NCCL INFO Channel 16/64 : 0
g340-cd51-4b00-10be-2e04-3033-7a5e:5119:5479 [0] NCCL INFO Channel 17/64 : 0
g340-cd51-4b00-10be-2e04-3033-7a5e:5119:5479 [0] NCCL INFO Channel 18/64 : 0
g340-cd51-4b00-10be-2e04-3033-7a5e:5119:5479 [0] NCCL INFO Channel 19/64 : 0
g340-cd51-4b00-10be-2e04-3033-7a5e:5119:5479 [0] NCCL INFO Channel 20/64 : 0
g340-cd51-4b00-10be-2e04-3033-7a5e:5119:5479 [0] NCCL INFO Channel 21/64 : 0
g340-cd51-4b00-10be-2e04-3033-7a5e:5119:5479 [0] NCCL INFO Channel 22/64 : 0
g340-cd51-4b00-10be-2e04-3033-7a5e:5119:5479 [0] NCCL INFO Channel 23/64 : 0
g340-cd51-4b00-10be-2e04-3033-7a5e:5119:5479 [0] NCCL INFO Channel 24/64 : 0
g340-cd51-4b00-10be-2e04-3033-7a5e:5119:5479 [0] NCCL INFO Channel 25/64 : 0
g340-cd51-4b00-10be-2e04-3033-7a5e:5119:5479 [0] NCCL INFO Channel 26/64 : 0
g340-cd51-4b00-10be-2e04-3033-7a5e:5119:5479 [0] NCCL INFO Channel 27/64 : 0
g340-cd51-4b00-10be-2e04-3033-7a5e:5119:5479 [0] NCCL INFO Channel 28/64 : 0
g340-cd51-4b00-10be-2e04-3033-7a5e:5119:5479 [0] NCCL INFO Channel 29/64 : 0
g340-cd51-4b00-10be-2e04-3033-7a5e:5119:5479 [0] NCCL INFO Channel 30/64 : 0
g340-cd51-4b00-10be-2e04-3033-7a5e:5119:5479 [0] NCCL INFO Channel 31/64 : 0
g340-cd51-4b00-10be-2e04-3033-7a5e:5119:5479 [0] NCCL INFO Channel 32/64 : 0
g340-cd51-4b00-10be-2e04-3033-7a5e:5119:5479 [0] NCCL INFO Channel 33/64 : 0
g340-cd51-4b00-10be-2e04-3033-7a5e:5119:5479 [0] NCCL INFO Channel 34/64 : 0
g340-cd51-4b00-10be-2e04-3033-7a5e:5119:5479 [0] NCCL INFO Channel 35/64 : 0
g340-cd51-4b00-10be-2e04-3033-7a5e:5119:5479 [0] NCCL INFO Channel 36/64 : 0
g340-cd51-4b00-10be-2e04-3033-7a5e:5119:5479 [0] NCCL INFO Channel 37/64 : 0
g340-cd51-4b00-10be-2e04-3033-7a5e:5119:5479 [0] NCCL INFO Channel 38/64 : 0
g340-cd51-4b00-10be-2e04-3033-7a5e:5119:5479 [0] NCCL INFO Channel 39/64 : 0
g340-cd51-4b00-10be-2e04-3033-7a5e:5119:5479 [0] NCCL INFO Channel 40/64 : 0
g340-cd51-4b00-10be-2e04-3033-7a5e:5119:5479 [0] NCCL INFO Channel 41/64 : 0
g340-cd51-4b00-10be-2e04-3033-7a5e:5119:5479 [0] NCCL INFO Channel 42/64 : 0
g340-cd51-4b00-10be-2e04-3033-7a5e:5119:5479 [0] NCCL INFO Channel 43/64 : 0
g340-cd51-4b00-10be-2e04-3033-7a5e:5119:5479 [0] NCCL INFO Channel 44/64 : 0
g340-cd51-4b00-10be-2e04-3033-7a5e:5119:5479 [0] NCCL INFO Channel 45/64 : 0
g340-cd51-4b00-10be-2e04-3033-7a5e:5119:5479 [0] NCCL INFO Channel 46/64 : 0
g340-cd51-4b00-10be-2e04-3033-7a5e:5119:5479 [0] NCCL INFO Channel 47/64 : 0
g340-cd51-4b00-10be-2e04-3033-7a5e:5119:5479 [0] NCCL INFO Channel 48/64 : 0
g340-cd51-4b00-10be-2e04-3033-7a5e:5119:5479 [0] NCCL INFO Channel 49/64 : 0
g340-cd51-4b00-10be-2e04-3033-7a5e:5119:5479 [0] NCCL INFO Channel 50/64 : 0
g340-cd51-4b00-10be-2e04-3033-7a5e:5119:5479 [0] NCCL INFO Channel 51/64 : 0
g340-cd51-4b00-10be-2e04-3033-7a5e:5119:5479 [0] NCCL INFO Channel 52/64 : 0
g340-cd51-4b00-10be-2e04-3033-7a5e:5119:5479 [0] NCCL INFO Channel 53/64 : 0
g340-cd51-4b00-10be-2e04-3033-7a5e:5119:5479 [0] NCCL INFO Channel 54/64 : 0
g340-cd51-4b00-10be-2e04-3033-7a5e:5119:5479 [0] NCCL INFO Channel 55/64 : 0
g340-cd51-4b00-10be-2e04-3033-7a5e:5119:5479 [0] NCCL INFO Channel 56/64 : 0
g340-cd51-4b00-10be-2e04-3033-7a5e:5119:5479 [0] NCCL INFO Channel 57/64 : 0
g340-cd51-4b00-10be-2e04-3033-7a5e:5119:5479 [0] NCCL INFO Channel 58/64 : 0
g340-cd51-4b00-10be-2e04-3033-7a5e:5119:5479 [0] NCCL INFO Channel 59/64 : 0
g340-cd51-4b00-10be-2e04-3033-7a5e:5119:5479 [0] NCCL INFO Channel 60/64 : 0
g340-cd51-4b00-10be-2e04-3033-7a5e:5119:5479 [0] NCCL INFO Channel 61/64 : 0
g340-cd51-4b00-10be-2e04-3033-7a5e:5119:5479 [0] NCCL INFO Channel 62/64 : 0
g340-cd51-4b00-10be-2e04-3033-7a5e:5119:5479 [0] NCCL INFO Channel 63/64 : 0
g340-cd51-4b00-10be-2e04-3033-7a5e:5119:5479 [0] NCCL INFO Ring 00 : 0 -> 0 -> 0
g340-cd51-4b00-10be-2e04-3033-7a5e:5119:5479 [0] NCCL INFO Ring 01 : 0 -> 0 -> 0
g340-cd51-4b00-10be-2e04-3033-7a5e:5119:5479 [0] NCCL INFO Ring 02 : 0 -> 0 -> 0
g340-cd51-4b00-10be-2e04-3033-7a5e:5119:5479 [0] NCCL INFO Ring 03 : 0 -> 0 -> 0
g340-cd51-4b00-10be-2e04-3033-7a5e:5119:5479 [0] NCCL INFO Ring 04 : 0 -> 0 -> 0
g340-cd51-4b00-10be-2e04-3033-7a5e:5119:5479 [0] NCCL INFO Ring 05 : 0 -> 0 -> 0
g340-cd51-4b00-10be-2e04-3033-7a5e:5119:5479 [0] NCCL INFO Ring 06 : 0 -> 0 -> 0
g340-cd51-4b00-10be-2e04-3033-7a5e:5119:5479 [0] NCCL INFO Ring 07 : 0 -> 0 -> 0
g340-cd51-4b00-10be-2e04-3033-7a5e:5119:5479 [0] NCCL INFO Ring 08 : 0 -> 0 -> 0
g340-cd51-4b00-10be-2e04-3033-7a5e:5119:5479 [0] NCCL INFO Ring 09 : 0 -> 0 -> 0
g340-cd51-4b00-10be-2e04-3033-7a5e:5119:5479 [0] NCCL INFO Ring 10 : 0 -> 0 -> 0
g340-cd51-4b00-10be-2e04-3033-7a5e:5119:5479 [0] NCCL INFO Ring 11 : 0 -> 0 -> 0
g340-cd51-4b00-10be-2e04-3033-7a5e:5119:5479 [0] NCCL INFO Ring 12 : 0 -> 0 -> 0
g340-cd51-4b00-10be-2e04-3033-7a5e:5119:5479 [0] NCCL INFO Ring 13 : 0 -> 0 -> 0
g340-cd51-4b00-10be-2e04-3033-7a5e:5119:5479 [0] NCCL INFO Ring 14 : 0 -> 0 -> 0
g340-cd51-4b00-10be-2e04-3033-7a5e:5119:5479 [0] NCCL INFO Ring 15 : 0 -> 0 -> 0
g340-cd51-4b00-10be-2e04-3033-7a5e:5119:5479 [0] NCCL INFO Ring 16 : 0 -> 0 -> 0
g340-cd51-4b00-10be-2e04-3033-7a5e:5119:5479 [0] NCCL INFO Ring 17 : 0 -> 0 -> 0
g340-cd51-4b00-10be-2e04-3033-7a5e:5119:5479 [0] NCCL INFO Ring 18 : 0 -> 0 -> 0
g340-cd51-4b00-10be-2e04-3033-7a5e:5119:5479 [0] NCCL INFO Ring 19 : 0 -> 0 -> 0
g340-cd51-4b00-10be-2e04-3033-7a5e:5119:5479 [0] NCCL INFO Ring 20 : 0 -> 0 -> 0
g340-cd51-4b00-10be-2e04-3033-7a5e:5119:5479 [0] NCCL INFO Ring 21 : 0 -> 0 -> 0
g340-cd51-4b00-10be-2e04-3033-7a5e:5119:5479 [0] NCCL INFO Ring 22 : 0 -> 0 -> 0
g340-cd51-4b00-10be-2e04-3033-7a5e:5119:5479 [0] NCCL INFO Ring 23 : 0 -> 0 -> 0
g340-cd51-4b00-10be-2e04-3033-7a5e:5119:5479 [0] NCCL INFO Ring 24 : 0 -> 0 -> 0
g340-cd51-4b00-10be-2e04-3033-7a5e:5119:5479 [0] NCCL INFO Ring 25 : 0 -> 0 -> 0
g340-cd51-4b00-10be-2e04-3033-7a5e:5119:5479 [0] NCCL INFO Ring 26 : 0 -> 0 -> 0
g340-cd51-4b00-10be-2e04-3033-7a5e:5119:5479 [0] NCCL INFO Ring 27 : 0 -> 0 -> 0
g340-cd51-4b00-10be-2e04-3033-7a5e:5119:5479 [0] NCCL INFO Ring 28 : 0 -> 0 -> 0
g340-cd51-4b00-10be-2e04-3033-7a5e:5119:5479 [0] NCCL INFO Ring 29 : 0 -> 0 -> 0
g340-cd51-4b00-10be-2e04-3033-7a5e:5119:5479 [0] NCCL INFO Ring 30 : 0 -> 0 -> 0
g340-cd51-4b00-10be-2e04-3033-7a5e:5119:5479 [0] NCCL INFO Ring 31 : 0 -> 0 -> 0
g340-cd51-4b00-10be-2e04-3033-7a5e:5119:5479 [0] NCCL INFO Ring 32 : 0 -> 0 -> 0
g340-cd51-4b00-10be-2e04-3033-7a5e:5119:5479 [0] NCCL INFO Ring 33 : 0 -> 0 -> 0
g340-cd51-4b00-10be-2e04-3033-7a5e:5119:5479 [0] NCCL INFO Ring 34 : 0 -> 0 -> 0
g340-cd51-4b00-10be-2e04-3033-7a5e:5119:5479 [0] NCCL INFO Ring 35 : 0 -> 0 -> 0
g340-cd51-4b00-10be-2e04-3033-7a5e:5119:5479 [0] NCCL INFO Ring 36 : 0 -> 0 -> 0
g340-cd51-4b00-10be-2e04-3033-7a5e:5119:5479 [0] NCCL INFO Ring 37 : 0 -> 0 -> 0
g340-cd51-4b00-10be-2e04-3033-7a5e:5119:5479 [0] NCCL INFO Ring 38 : 0 -> 0 -> 0
g340-cd51-4b00-10be-2e04-3033-7a5e:5119:5479 [0] NCCL INFO Ring 39 : 0 -> 0 -> 0
g340-cd51-4b00-10be-2e04-3033-7a5e:5119:5479 [0] NCCL INFO Ring 40 : 0 -> 0 -> 0
g340-cd51-4b00-10be-2e04-3033-7a5e:5119:5479 [0] NCCL INFO Ring 41 : 0 -> 0 -> 0
g340-cd51-4b00-10be-2e04-3033-7a5e:5119:5479 [0] NCCL INFO Ring 42 : 0 -> 0 -> 0
g340-cd51-4b00-10be-2e04-3033-7a5e:5119:5479 [0] NCCL INFO Ring 43 : 0 -> 0 -> 0
g340-cd51-4b00-10be-2e04-3033-7a5e:5119:5479 [0] NCCL INFO Ring 44 : 0 -> 0 -> 0
g340-cd51-4b00-10be-2e04-3033-7a5e:5119:5479 [0] NCCL INFO Ring 45 : 0 -> 0 -> 0
g340-cd51-4b00-10be-2e04-3033-7a5e:5119:5479 [0] NCCL INFO Ring 46 : 0 -> 0 -> 0
g340-cd51-4b00-10be-2e04-3033-7a5e:5119:5479 [0] NCCL INFO Ring 47 : 0 -> 0 -> 0
g340-cd51-4b00-10be-2e04-3033-7a5e:5119:5479 [0] NCCL INFO Ring 48 : 0 -> 0 -> 0
g340-cd51-4b00-10be-2e04-3033-7a5e:5119:5479 [0] NCCL INFO Ring 49 : 0 -> 0 -> 0
g340-cd51-4b00-10be-2e04-3033-7a5e:5119:5479 [0] NCCL INFO Ring 50 : 0 -> 0 -> 0
g340-cd51-4b00-10be-2e04-3033-7a5e:5119:5479 [0] NCCL INFO Ring 51 : 0 -> 0 -> 0
g340-cd51-4b00-10be-2e04-3033-7a5e:5119:5479 [0] NCCL INFO Ring 52 : 0 -> 0 -> 0
g340-cd51-4b00-10be-2e04-3033-7a5e:5119:5479 [0] NCCL INFO Ring 53 : 0 -> 0 -> 0
g340-cd51-4b00-10be-2e04-3033-7a5e:5119:5479 [0] NCCL INFO Ring 54 : 0 -> 0 -> 0
g340-cd51-4b00-10be-2e04-3033-7a5e:5119:5479 [0] NCCL INFO Ring 55 : 0 -> 0 -> 0
g340-cd51-4b00-10be-2e04-3033-7a5e:5119:5479 [0] NCCL INFO Ring 56 : 0 -> 0 -> 0
g340-cd51-4b00-10be-2e04-3033-7a5e:5119:5479 [0] NCCL INFO Ring 57 : 0 -> 0 -> 0
g340-cd51-4b00-10be-2e04-3033-7a5e:5119:5479 [0] NCCL INFO Ring 58 : 0 -> 0 -> 0
g340-cd51-4b00-10be-2e04-3033-7a5e:5119:5479 [0] NCCL INFO Ring 59 : 0 -> 0 -> 0
g340-cd51-4b00-10be-2e04-3033-7a5e:5119:5479 [0] NCCL INFO Ring 60 : 0 -> 0 -> 0
g340-cd51-4b00-10be-2e04-3033-7a5e:5119:5479 [0] NCCL INFO Ring 61 : 0 -> 0 -> 0
g340-cd51-4b00-10be-2e04-3033-7a5e:5119:5479 [0] NCCL INFO Ring 62 : 0 -> 0 -> 0
g340-cd51-4b00-10be-2e04-3033-7a5e:5119:5479 [0] NCCL INFO Ring 63 : 0 -> 0 -> 0
g340-cd51-4b00-10be-2e04-3033-7a5e:5119:5479 [0] NCCL INFO Trees [0] -1/-1/-1->0->-1 [1] -1/-1/-1->0->-1 [2] -1/-1/-1->0->-1 [3] -1/-1/-1->0->-1 [4] -1/-1/-1->0->-1 [5] -1/-1/-1->0->-1 [6] -1/-1/-1->0->-1 [7] -1/-1/-1->0->-1 [8] -1/-1/-1->0->-1 [9] -1/-1/-1->0->-1 [10] -1/-1/-1->0->-1 [11] -1/-1/-1->0->-1 [12] -1/-1/-1->0->-1 [13] -1/-1/-1->0->-1 [14] -1/-1/-1->0->-1 [15] -1/-1/-1->0->-1 [16] -1/-1/-1->0->-1 [17] -1/-1/-1->0->-1 [18] -1/-1/-1->0->-1 [19] -1/-1/-1->0->-1 [20] -1/-1/-1->0->-1 [21] -1/-1/-1->0->-1 [22] -1/-1/-1->0->-1 [23] -1/-1/-1->0->-1 [24] -1/-1/-1->0->-1 [25] -1/-1/-1->0->-1 [26] -1/-1/-1->0->-1 [27] -1/-1/-1->0->-1 [28] -1/-1/-1->0->-1 [29] -1/-1/-1->0->-1 [30] -1/-1/-1->0->-1 [31] -1/-1/-1->0->-1 [32] -1/-1/-1->0->-1 [33] -1/-1/-1->0->-1 [34] -1/-1/-1->0->-1 [35] -1/-1/-1->0->-1 [36] -1/-1/-1->0->-1 [37] -1/-1/-1->0->-1 [38] -1/-1/-1->0->-1 [39] -1/-1/-1->0->-1 [40] -1/-1/-1->0->-1 [41] -1/-1/-1->0->-1 [42] -1/-1/-1->0->-1 [43] -1/-1/-1->0->-1 [44] -1/-1/-1->0->-1 [45] -1/-1/-1->0->-1 [4
g340-cd51-4b00-10be-2e04-3033-7a5e:5119:5479 [0] NCCL INFO P2P Chunksize set to 524288
g340-cd51-4b00-10be-2e04-3033-7a5e:5119:5479 [0] NCCL INFO Check P2P Type intraNodeP2pSupport 0 directMode 0
g340-cd51-4b00-10be-2e04-3033-7a5e:5119:5489 [0] NCCL INFO [Proxy Service] Device 0 CPU core 109
g340-cd51-4b00-10be-2e04-3033-7a5e:5119:5490 [0] NCCL INFO [Proxy Service UDS] Device 0 CPU core 31
g340-cd51-4b00-10be-2e04-3033-7a5e:5119:5479 [0] NCCL INFO 64 coll channels, 64 collnet channels, 0 nvls channels, 64 p2p channels, 64 p2p channels per peer
g340-cd51-4b00-10be-2e04-3033-7a5e:5119:5479 [0] NCCL INFO CC Off, workFifoBytes 1048576
g340-cd51-4b00-10be-2e04-3033-7a5e:5119:5479 [0] NCCL INFO TUNER/Plugin: Could not find: libnccl-tuner.so. Using internal tuner plugin.
g340-cd51-4b00-10be-2e04-3033-7a5e:5119:5479 [0] NCCL INFO TUNER/Plugin: Failed to find ncclTunerPlugin_v4 symbol.
g340-cd51-4b00-10be-2e04-3033-7a5e:5119:5479 [0] NCCL INFO TUNER/Plugin: Failed to find ncclTunerPlugin_v3 symbol.
g340-cd51-4b00-10be-2e04-3033-7a5e:5119:5479 [0] NCCL INFO TUNER/Plugin: Failed to find ncclTunerPlugin_v2 symbol, using internal tuner instead.
g340-cd51-4b00-10be-2e04-3033-7a5e:5119:5479 [0] NCCL INFO ncclCommInitRankConfig comm 0x10179980 rank 0 nranks 1 cudaDev 0 nvmlDev 0 busId 58000 commId 0x65638099dd0c4874 - Init COMPLETE
g340-cd51-4b00-10be-2e04-3033-7a5e:5119:5479 [0] NCCL INFO Init timings - ncclCommInitRankConfig: rank 0 nranks 1 total 0.68 (kernels 0.20, alloc 0.40, bootstrap 0.00, allgathers 0.00, topo 0.07, graphs 0.00, connections 0.02, rest 0.00)
Dataset length:  7223
***************no image in dataset***************
using:  <class 'open_r1.trainer.grpo_trainer.JanusT2IR1Trainer'>
[transformers] `torch_dtype` is deprecated! Use `dtype` instead!
Loading weights:   0%|          | 0/882 [00:00<?, ?it/s]Loading weights: 100%|██████████| 882/882 [00:00<00:00, 45334.94it/s]
[transformers] `VLChatProcessor` defines `image_processor_class = 'AutoImageProcessor'`, which is deprecated. Register the correct mapping in `AutoImageProcessor` instead.
[transformers] Requested torchvision backend is not available. Falling back to pil backend.
/usr/local/lib/python3.11/dist-packages/torch/functional.py:554: UserWarning: torch.meshgrid: in an upcoming release, it will be required to pass the indexing argument. (Triggered internally at /opt/tiger/compile_path/src/code.byted.org/pytorch/pytorch/aten/src/ATen/native/TensorShape.cpp:4314.)
  return _VF.meshgrid(tensors, **kwargs)  # type: ignore[attr-defined]
final text_encoder_type: bert-base-uncased
[rank0]: Traceback (most recent call last):
[rank0]:   File "/usr/local/lib/python3.11/dist-packages/httpx/_urlparse.py", line 346, in normalize_port
[rank0]:     port_as_int = int(port)
[rank0]:                   ^^^^^^^^^
[rank0]: ValueError: invalid literal for int() with base 10: ':'

[rank0]: During handling of the above exception, another exception occurred:

[rank0]: Traceback (most recent call last):
[rank0]:   File "/home/tiger/.local/lib/python3.11/site-packages/transformers/configuration_utils.py", line 738, in _get_config_dict
[rank0]:     resolved_config_file = cached_file(
[rank0]:                            ^^^^^^^^^^^^
[rank0]:   File "/home/tiger/.local/lib/python3.11/site-packages/transformers/utils/hub.py", line 278, in cached_file
[rank0]:     file = cached_files(path_or_repo_id=path_or_repo_id, filenames=[filename], **kwargs)
[rank0]:            ^^^^^^^^^^^^^^^^^^^^^^^^^^^^^^^^^^^^^^^^^^^^^^^^^^^^^^^^^^^^^^^^^^^^^^^^^^^^^
[rank0]:   File "/home/tiger/.local/lib/python3.11/site-packages/transformers/utils/hub.py", line 512, in cached_files
[rank0]:     raise e
[rank0]:   File "/home/tiger/.local/lib/python3.11/site-packages/transformers/utils/hub.py", line 422, in cached_files
[rank0]:     hf_hub_download(
[rank0]:   File "/home/tiger/.local/lib/python3.11/site-packages/huggingface_hub/utils/_validators.py", line 88, in _inner_fn
[rank0]:     return fn(*args, **kwargs)
[rank0]:            ^^^^^^^^^^^^^^^^^^^
[rank0]:   File "/home/tiger/.local/lib/python3.11/site-packages/huggingface_hub/file_download.py", line 1016, in hf_hub_download
[rank0]:     return _hf_hub_download_to_cache_dir(
[rank0]:            ^^^^^^^^^^^^^^^^^^^^^^^^^^^^^^
[rank0]:   File "/home/tiger/.local/lib/python3.11/site-packages/huggingface_hub/file_download.py", line 1091, in _hf_hub_download_to_cache_dir
[rank0]:     (url_to_download, etag, commit_hash, expected_size, xet_file_data, head_call_error) = _get_metadata_or_catch_error(
[rank0]:                                                                                           ^^^^^^^^^^^^^^^^^^^^^^^^^^^^^
[rank0]:   File "/home/tiger/.local/lib/python3.11/site-packages/huggingface_hub/file_download.py", line 1691, in _get_metadata_or_catch_error
[rank0]:     metadata = get_hf_file_metadata(
[rank0]:                ^^^^^^^^^^^^^^^^^^^^^
[rank0]:   File "/home/tiger/.local/lib/python3.11/site-packages/huggingface_hub/utils/_validators.py", line 88, in _inner_fn
[rank0]:     return fn(*args, **kwargs)
[rank0]:            ^^^^^^^^^^^^^^^^^^^
[rank0]:   File "/home/tiger/.local/lib/python3.11/site-packages/huggingface_hub/file_download.py", line 1613, in get_hf_file_metadata
[rank0]:     response = _httpx_follow_relative_redirects_with_backoff(
[rank0]:                ^^^^^^^^^^^^^^^^^^^^^^^^^^^^^^^^^^^^^^^^^^^^^^
[rank0]:   File "/home/tiger/.local/lib/python3.11/site-packages/huggingface_hub/utils/_http.py", line 700, in _httpx_follow_relative_redirects_with_backoff
[rank0]:     response = http_backoff(
[rank0]:                ^^^^^^^^^^^^^
[rank0]:   File "/home/tiger/.local/lib/python3.11/site-packages/huggingface_hub/utils/_http.py", line 574, in http_backoff
[rank0]:     return next(
[rank0]:            ^^^^^
[rank0]:   File "/home/tiger/.local/lib/python3.11/site-packages/huggingface_hub/utils/_http.py", line 442, in _http_backoff_base
[rank0]:     client = get_session()
[rank0]:              ^^^^^^^^^^^^^
[rank0]:   File "/home/tiger/.local/lib/python3.11/site-packages/huggingface_hub/utils/_http.py", line 357, in get_session
[rank0]:     _GLOBAL_CLIENT = _GLOBAL_CLIENT_FACTORY()
[rank0]:                      ^^^^^^^^^^^^^^^^^^^^^^^^
[rank0]:   File "/home/tiger/.local/lib/python3.11/site-packages/huggingface_hub/utils/_http.py", line 283, in default_client_factory
[rank0]:     return httpx.Client(
[rank0]:            ^^^^^^^^^^^^^
[rank0]:   File "/usr/local/lib/python3.11/dist-packages/httpx/_client.py", line 695, in __init__
[rank0]:     self._mounts: dict[URLPattern, BaseTransport | None] = {
[rank0]:                                                            ^
[rank0]:   File "/usr/local/lib/python3.11/dist-packages/httpx/_client.py", line 696, in <dictcomp>
[rank0]:     URLPattern(key): None
[rank0]:     ^^^^^^^^^^^^^^^
[rank0]:   File "/usr/local/lib/python3.11/dist-packages/httpx/_utils.py", line 370, in __init__
[rank0]:     url = URL(pattern)
[rank0]:           ^^^^^^^^^^^^
[rank0]:   File "/usr/local/lib/python3.11/dist-packages/httpx/_urls.py", line 115, in __init__
[rank0]:     self._uri_reference = urlparse(url, **kwargs)
[rank0]:                           ^^^^^^^^^^^^^^^^^^^^^^^
[rank0]:   File "/usr/local/lib/python3.11/dist-packages/httpx/_urlparse.py", line 248, in urlparse
[rank0]:     parsed_port: int | None = normalize_port(port, scheme)
[rank0]:                               ^^^^^^^^^^^^^^^^^^^^^^^^^^^^
[rank0]:   File "/usr/local/lib/python3.11/dist-packages/httpx/_urlparse.py", line 348, in normalize_port
[rank0]:     raise InvalidURL(f"Invalid port: {port!r}")
[rank0]: httpx.InvalidURL: Invalid port: ':'

[rank0]: During handling of the above exception, another exception occurred:

[rank0]: Traceback (most recent call last):
[rank0]:   File "/home/tiger/.local/lib/python3.11/site-packages/transformers/models/auto/tokenization_auto.py", line 694, in from_pretrained
[rank0]:     config = AutoConfig.from_pretrained(
[rank0]:              ^^^^^^^^^^^^^^^^^^^^^^^^^^^
[rank0]:   File "/home/tiger/.local/lib/python3.11/site-packages/transformers/models/auto/configuration_auto.py", line 374, in from_pretrained
[rank0]:     config_dict, unused_kwargs = PreTrainedConfig.get_config_dict(pretrained_model_name_or_path, **kwargs)
[rank0]:                                  ^^^^^^^^^^^^^^^^^^^^^^^^^^^^^^^^^^^^^^^^^^^^^^^^^^^^^^^^^^^^^^^^^^^^^^^^^
[rank0]:   File "/home/tiger/.local/lib/python3.11/site-packages/transformers/configuration_utils.py", line 683, in get_config_dict
[rank0]:     config_dict, kwargs = cls._get_config_dict(pretrained_model_name_or_path, **kwargs)
[rank0]:                           ^^^^^^^^^^^^^^^^^^^^^^^^^^^^^^^^^^^^^^^^^^^^^^^^^^^^^^^^^^^^^
[rank0]:   File "/home/tiger/.local/lib/python3.11/site-packages/transformers/configuration_utils.py", line 760, in _get_config_dict
[rank0]:     raise OSError(
[rank0]: OSError: Can't load the configuration of 'bert-base-uncased'. If you were trying to load it from 'https://huggingface.co/models', make sure you don't have a local directory with the same name. Otherwise, make sure 'bert-base-uncased' is the correct path to a directory containing a config.json file

[rank0]: During handling of the above exception, another exception occurred:

[rank0]: Traceback (most recent call last):
[rank0]:   File "/usr/local/lib/python3.11/dist-packages/httpx/_urlparse.py", line 346, in normalize_port
[rank0]:     port_as_int = int(port)
[rank0]:                   ^^^^^^^^^
[rank0]: ValueError: invalid literal for int() with base 10: ':'

[rank0]: During handling of the above exception, another exception occurred:

[rank0]: Traceback (most recent call last):
[rank0]:   File "/home/tiger/.local/lib/python3.11/site-packages/transformers/configuration_utils.py", line 738, in _get_config_dict
[rank0]:     resolved_config_file = cached_file(
[rank0]:                            ^^^^^^^^^^^^
[rank0]:   File "/home/tiger/.local/lib/python3.11/site-packages/transformers/utils/hub.py", line 278, in cached_file
[rank0]:     file = cached_files(path_or_repo_id=path_or_repo_id, filenames=[filename], **kwargs)
[rank0]:            ^^^^^^^^^^^^^^^^^^^^^^^^^^^^^^^^^^^^^^^^^^^^^^^^^^^^^^^^^^^^^^^^^^^^^^^^^^^^^
[rank0]:   File "/home/tiger/.local/lib/python3.11/site-packages/transformers/utils/hub.py", line 512, in cached_files
[rank0]:     raise e
[rank0]:   File "/home/tiger/.local/lib/python3.11/site-packages/transformers/utils/hub.py", line 422, in cached_files
[rank0]:     hf_hub_download(
[rank0]:   File "/home/tiger/.local/lib/python3.11/site-packages/huggingface_hub/utils/_validators.py", line 88, in _inner_fn
[rank0]:     return fn(*args, **kwargs)
[rank0]:            ^^^^^^^^^^^^^^^^^^^
[rank0]:   File "/home/tiger/.local/lib/python3.11/site-packages/huggingface_hub/file_download.py", line 1016, in hf_hub_download
[rank0]:     return _hf_hub_download_to_cache_dir(
[rank0]:            ^^^^^^^^^^^^^^^^^^^^^^^^^^^^^^
[rank0]:   File "/home/tiger/.local/lib/python3.11/site-packages/huggingface_hub/file_download.py", line 1091, in _hf_hub_download_to_cache_dir
[rank0]:     (url_to_download, etag, commit_hash, expected_size, xet_file_data, head_call_error) = _get_metadata_or_catch_error(
[rank0]:                                                                                           ^^^^^^^^^^^^^^^^^^^^^^^^^^^^^
[rank0]:   File "/home/tiger/.local/lib/python3.11/site-packages/huggingface_hub/file_download.py", line 1691, in _get_metadata_or_catch_error
[rank0]:     metadata = get_hf_file_metadata(
[rank0]:                ^^^^^^^^^^^^^^^^^^^^^
[rank0]:   File "/home/tiger/.local/lib/python3.11/site-packages/huggingface_hub/utils/_validators.py", line 88, in _inner_fn
[rank0]:     return fn(*args, **kwargs)
[rank0]:            ^^^^^^^^^^^^^^^^^^^
[rank0]:   File "/home/tiger/.local/lib/python3.11/site-packages/huggingface_hub/file_download.py", line 1613, in get_hf_file_metadata
[rank0]:     response = _httpx_follow_relative_redirects_with_backoff(
[rank0]:                ^^^^^^^^^^^^^^^^^^^^^^^^^^^^^^^^^^^^^^^^^^^^^^
[rank0]:   File "/home/tiger/.local/lib/python3.11/site-packages/huggingface_hub/utils/_http.py", line 700, in _httpx_follow_relative_redirects_with_backoff
[rank0]:     response = http_backoff(
[rank0]:                ^^^^^^^^^^^^^
[rank0]:   File "/home/tiger/.local/lib/python3.11/site-packages/huggingface_hub/utils/_http.py", line 574, in http_backoff
[rank0]:     return next(
[rank0]:            ^^^^^
[rank0]:   File "/home/tiger/.local/lib/python3.11/site-packages/huggingface_hub/utils/_http.py", line 442, in _http_backoff_base
[rank0]:     client = get_session()
[rank0]:              ^^^^^^^^^^^^^
[rank0]:   File "/home/tiger/.local/lib/python3.11/site-packages/huggingface_hub/utils/_http.py", line 357, in get_session
[rank0]:     _GLOBAL_CLIENT = _GLOBAL_CLIENT_FACTORY()
[rank0]:                      ^^^^^^^^^^^^^^^^^^^^^^^^
[rank0]:   File "/home/tiger/.local/lib/python3.11/site-packages/huggingface_hub/utils/_http.py", line 283, in default_client_factory
[rank0]:     return httpx.Client(
[rank0]:            ^^^^^^^^^^^^^
[rank0]:   File "/usr/local/lib/python3.11/dist-packages/httpx/_client.py", line 695, in __init__
[rank0]:     self._mounts: dict[URLPattern, BaseTransport | None] = {
[rank0]:                                                            ^
[rank0]:   File "/usr/local/lib/python3.11/dist-packages/httpx/_client.py", line 696, in <dictcomp>
[rank0]:     URLPattern(key): None
[rank0]:     ^^^^^^^^^^^^^^^
[rank0]:   File "/usr/local/lib/python3.11/dist-packages/httpx/_utils.py", line 370, in __init__
[rank0]:     url = URL(pattern)
[rank0]:           ^^^^^^^^^^^^
[rank0]:   File "/usr/local/lib/python3.11/dist-packages/httpx/_urls.py", line 115, in __init__
[rank0]:     self._uri_reference = urlparse(url, **kwargs)
[rank0]:                           ^^^^^^^^^^^^^^^^^^^^^^^
[rank0]:   File "/usr/local/lib/python3.11/dist-packages/httpx/_urlparse.py", line 248, in urlparse
[rank0]:     parsed_port: int | None = normalize_port(port, scheme)
[rank0]:                               ^^^^^^^^^^^^^^^^^^^^^^^^^^^^
[rank0]:   File "/usr/local/lib/python3.11/dist-packages/httpx/_urlparse.py", line 348, in normalize_port
[rank0]:     raise InvalidURL(f"Invalid port: {port!r}")
[rank0]: httpx.InvalidURL: Invalid port: ':'

[rank0]: During handling of the above exception, another exception occurred:

[rank0]: Traceback (most recent call last):
[rank0]:   File "/mlx_devbox/users/xiezifan/playground/CompGen-GRPO/src/t2i-r1/src/open_r1/grpo.py", line 227, in <module>
[rank0]:     main(script_args, training_args, model_args)
[rank0]:   File "/mlx_devbox/users/xiezifan/playground/CompGen-GRPO/src/t2i-r1/src/open_r1/grpo.py", line 202, in main
[rank0]:     trainer = trainer_cls(
[rank0]:               ^^^^^^^^^^^^
[rank0]:   File "/mlx_devbox/users/xiezifan/playground/CompGen-GRPO/src/t2i-r1/src/open_r1/trainer/grpo_trainer.py", line 151, in __init__
[rank0]:     reward_funcs[i] = GDinoEnhanced(args)
[rank0]:                       ^^^^^^^^^^^^^^^^^^^
[rank0]:   File "/mlx_devbox/users/xiezifan/playground/CompGen-GRPO/src/t2i-r1/src/utils/reward_gdino_enhanced.py", line 73, in __init__
[rank0]:     self.model        = build_model(gdino_args)
[rank0]:                         ^^^^^^^^^^^^^^^^^^^^^^^
[rank0]:   File "/mlx_devbox/users/xiezifan/playground/CompGen-GRPO/archive/third_party_extras/GroundingDINO/groundingdino/models/__init__.py", line 17, in build_model
[rank0]:     model = build_func(args)
[rank0]:             ^^^^^^^^^^^^^^^^
[rank0]:   File "/mlx_devbox/users/xiezifan/playground/CompGen-GRPO/archive/third_party_extras/GroundingDINO/groundingdino/models/GroundingDINO/groundingdino.py", line 390, in build_groundingdino
[rank0]:     model = GroundingDINO(
[rank0]:             ^^^^^^^^^^^^^^
[rank0]:   File "/mlx_devbox/users/xiezifan/playground/CompGen-GRPO/archive/third_party_extras/GroundingDINO/groundingdino/models/GroundingDINO/groundingdino.py", line 107, in __init__
[rank0]:     self.tokenizer = get_tokenlizer.get_tokenlizer(text_encoder_type)
[rank0]:                      ^^^^^^^^^^^^^^^^^^^^^^^^^^^^^^^^^^^^^^^^^^^^^^^^
[rank0]:   File "/mlx_devbox/users/xiezifan/playground/CompGen-GRPO/archive/third_party_extras/GroundingDINO/groundingdino/util/get_tokenlizer.py", line 19, in get_tokenlizer
[rank0]:     tokenizer = AutoTokenizer.from_pretrained(text_encoder_type)
[rank0]:                 ^^^^^^^^^^^^^^^^^^^^^^^^^^^^^^^^^^^^^^^^^^^^^^^^
[rank0]:   File "/home/tiger/.local/lib/python3.11/site-packages/transformers/models/auto/tokenization_auto.py", line 698, in from_pretrained
[rank0]:     config = PreTrainedConfig.from_pretrained(pretrained_model_name_or_path, **kwargs)
[rank0]:              ^^^^^^^^^^^^^^^^^^^^^^^^^^^^^^^^^^^^^^^^^^^^^^^^^^^^^^^^^^^^^^^^^^^^^^^^^
[rank0]:   File "/home/tiger/.local/lib/python3.11/site-packages/transformers/configuration_utils.py", line 642, in from_pretrained
[rank0]:     config_dict, kwargs = cls.get_config_dict(pretrained_model_name_or_path, **kwargs)
[rank0]:                           ^^^^^^^^^^^^^^^^^^^^^^^^^^^^^^^^^^^^^^^^^^^^^^^^^^^^^^^^^^^^
[rank0]:   File "/home/tiger/.local/lib/python3.11/site-packages/transformers/configuration_utils.py", line 683, in get_config_dict
[rank0]:     config_dict, kwargs = cls._get_config_dict(pretrained_model_name_or_path, **kwargs)
[rank0]:                           ^^^^^^^^^^^^^^^^^^^^^^^^^^^^^^^^^^^^^^^^^^^^^^^^^^^^^^^^^^^^^
[rank0]:   File "/home/tiger/.local/lib/python3.11/site-packages/transformers/configuration_utils.py", line 760, in _get_config_dict
[rank0]:     raise OSError(
[rank0]: OSError: Can't load the configuration of 'bert-base-uncased'. If you were trying to load it from 'https://huggingface.co/models', make sure you don't have a local directory with the same name. Otherwise, make sure 'bert-base-uncased' is the correct path to a directory containing a config.json file
[rank0]:[W628 18:37:26.880044356 ProcessGroupNCCL.cpp:1479] Warning: WARNING: destroy_process_group() was not called before program exit, which can leak resources. For more info, please see https://pytorch.org/docs/stable/distributed.html#shutdown (function operator())
g340-cd51-4b00-10be-2e04-3033-7a5e:5119:5668 [0] NCCL INFO comm 0x10179980 rank 0 nranks 1 cudaDev 0 busId 58000 - Abort COMPLETE
E0628 18:37:29.546000 5053 torch/distributed/elastic/multiprocessing/api.py:874] failed (exitcode: 1) local_rank: 0 (pid: 5119) of binary: /usr/bin/python3
Traceback (most recent call last):
  File "/usr/local/bin/torchrun", line 7, in <module>
    sys.exit(main())
             ^^^^^^
  File "/usr/local/lib/python3.11/dist-packages/torch/distributed/elastic/multiprocessing/errors/__init__.py", line 355, in wrapper
    return f(*args, **kwargs)
           ^^^^^^^^^^^^^^^^^^
  File "/usr/local/lib/python3.11/dist-packages/torch/distributed/run.py", line 892, in main
    run(args)
  File "/usr/local/lib/python3.11/dist-packages/torch/distributed/run.py", line 883, in run
    elastic_launch(
  File "/usr/local/lib/python3.11/dist-packages/torch/distributed/launcher/api.py", line 139, in __call__
    return launch_agent(self._config, self._entrypoint, list(args))
           ^^^^^^^^^^^^^^^^^^^^^^^^^^^^^^^^^^^^^^^^^^^^^^^^^^^^^^^^
  File "/usr/local/lib/python3.11/dist-packages/torch/distributed/launcher/api.py", line 270, in launch_agent
    raise ChildFailedError(
torch.distributed.elastic.multiprocessing.errors.ChildFailedError: 
============================================================
open_r1/grpo.py FAILED
------------------------------------------------------------
Failures:
  <NO_OTHER_FAILURES>
------------------------------------------------------------
Root Cause (first observed failure):
[0]:
  time      : 2026-06-28_18:37:29
  host      : g340-cd51-4b00-10be-2e04-3033-7a5e.byted.org
  rank      : 0 (local_rank: 0)
  exitcode  : 1 (pid: 5119)
  error_file: <N/A>
  traceback : To enable traceback see: https://pytorch.org/docs/stable/elastic/errors.html
============================================================
